-------------------------------------------------------------------------------
Test set: b21.spartan.admin.SpartanAdminTest
-------------------------------------------------------------------------------
Tests run: 1, Failures: 1, Errors: 0, Skipped: 0, Time elapsed: 0.587 s <<< FAILURE! - in b21.spartan.admin.SpartanAdminTest
b21.spartan.admin.SpartanAdminTest.testAllSpartans  Time elapsed: 0.491 s  <<< FAILURE!
java.lang.AssertionError: 
1 expectation failed.
JSON path  doesn't match.
Expected: a collection with size <473>
  Actual: <[{id=1, name=Bryanna, gender=Female, phone=4733237729}, {id=2, name=Nels, gender=Male, phone=4218971348}, {id=3, name=Fidole, gender=Male, phone=6105035231}, {id=4, name=Paige, gender=Female, phone=3786741487}, {id=5, name=Stevie, gender=Male, phone=9743591846}, {id=6, name=Tedmund, gender=Male, phone=2227140732}, {id=7, name=Hershel, gender=Male, phone=5278678322}, {id=8, name=Rodolfo, gender=Male, phone=9601637574}, {id=9, name=Florrie, gender=Female, phone=1702025787}, {id=10, name=Lorenza, gender=Female, phone=3312820936}, {id=11, name=Nona, gender=Female, phone=7959094216}, {id=12, name=Sol, gender=Male, phone=7006438852}, {id=13, name=Jaimie, gender=Female, phone=7842554879}, {id=14, name=Grenville, gender=Male, phone=1065669615}, {id=15, name=Meta, gender=Female, phone=1938695106}, {id=16, name=Sinclair, gender=Male, phone=9714460354}, {id=17, name=Wash, gender=Male, phone=4978976378}, {id=18, name=Allen, gender=Male, phone=8716150217}, {id=19, name=Bunnie, gender=Female, phone=7662992732}, {id=20, name=Lothario, gender=Male, phone=7551551687}, {id=21, name=Mark, gender=Male, phone=1852873386}, {id=22, name=Koenraad, gender=Male, phone=8451740840}, {id=23, name=Mervin, gender=Male, phone=9098436816}, {id=24, name=Julio, gender=Male, phone=9393139934}, {id=25, name=Valentin, gender=Male, phone=1536037088}, {id=26, name=Correy, gender=Female, phone=7823876031}, {id=27, name=Jeanelle, gender=Female, phone=6662999903}, {id=28, name=Woodrow, gender=Male, phone=7411659821}, {id=29, name=Dorelle, gender=Female, phone=6687391932}, {id=30, name=Melania, gender=Female, phone=8916944276}, {id=31, name=Maressa, gender=Female, phone=2018031787}, {id=32, name=Tessie, gender=Female, phone=9545879168}, {id=33, name=Wilek, gender=Male, phone=2877865902}, {id=34, name=Tucky, gender=Male, phone=2935099804}, {id=35, name=Gardiner, gender=Male, phone=3751113352}, {id=36, name=Sylas, gender=Male, phone=9853891474}, {id=37, name=Grannie, gender=Male, phone=1075127669}, {id=38, name=Juan, gender=Male, phone=9614487605}, {id=39, name=Eveleen, gender=Female, phone=1362642898}, {id=40, name=Druci, gender=Female, phone=4507606768}, {id=41, name=Rosy, gender=Female, phone=6721964988}, {id=42, name=Atlante, gender=Female, phone=4579688654}, {id=43, name=Reid, gender=Male, phone=8833893900}, {id=44, name=Panchito, gender=Male, phone=7486765293}, {id=45, name=Heddie, gender=Female, phone=1271425843}, {id=46, name=Delora, gender=Female, phone=4115324496}, {id=47, name=Domenic, gender=Male, phone=3952704485}, {id=48, name=Wyatt, gender=Male, phone=7682768714}, {id=49, name=Reinaldo, gender=Male, phone=3623233145}, {id=50, name=Jennica, gender=Female, phone=6986436734}, {id=51, name=Padriac, gender=Male, phone=8444611168}, {id=52, name=Tome, gender=Male, phone=5654109704}, {id=53, name=Berna, gender=Female, phone=2072918455}, {id=54, name=Bevon, gender=Male, phone=9831834168}, {id=55, name=Karmen, gender=Female, phone=5052029186}, {id=56, name=Ewan, gender=Male, phone=5733729948}, {id=57, name=Freida, gender=Female, phone=5712679899}, {id=58, name=Alfy, gender=Female, phone=6529078662}, {id=59, name=Mickey, gender=Male, phone=8775768925}, {id=60, name=Elisabeth, gender=Female, phone=8165224005}, {id=61, name=Earlie, gender=Male, phone=5709633007}, {id=62, name=Robinia, gender=Female, phone=3542611707}, {id=63, name=Clayton, gender=Male, phone=1782167106}, {id=64, name=Putnam, gender=Male, phone=6744135688}, {id=65, name=Sean, gender=Male, phone=8566508311}, {id=66, name=Quentin, gender=Male, phone=3159018391}, {id=67, name=Janette, gender=Female, phone=9887020445}, {id=68, name=Adda, gender=Female, phone=5361981152}, {id=69, name=Elinor, gender=Female, phone=3161765672}, {id=70, name=Abbey, gender=Male, phone=1259516767}, {id=71, name=Collen, gender=Female, phone=9614634242}, {id=72, name=Orion, gender=Male, phone=7485352272}, {id=73, name=Amalita, gender=Female, phone=2663607211}, {id=74, name=Chen, gender=Male, phone=9537864587}, {id=75, name=Leland, gender=Female, phone=9672110769}, {id=76, name=Arnie, gender=Male, phone=4541117370}, {id=77, name=Stevana, gender=Female, phone=1459126818}, {id=80, name=Jocelin, gender=Female, phone=4299058649}, {id=81, name=Georgianne, gender=Female, phone=9594130239}, {id=82, name=Catie, gender=Female, phone=4758237746}, {id=83, name=Franky, gender=Male, phone=7647130621}, {id=84, name=Saw, gender=Male, phone=2673833440}, {id=85, name=Ingamar, gender=Male, phone=6835038785}, {id=86, name=Brook, gender=Female, phone=2655095364}, {id=87, name=Fenelia, gender=Female, phone=6475942543}, {id=88, name=Julie, gender=Male, phone=1279288759}, {id=89, name=Adan, gender=Male, phone=8055782975}, {id=90, name=Rhianon, gender=Female, phone=5225172555}, {id=91, name=Jaquenetta, gender=Female, phone=7338210388}, {id=92, name=Caitlin, gender=Female, phone=6911121800}, {id=93, name=Chanda, gender=Female, phone=9289012086}, {id=94, name=Marylee, gender=Female, phone=6385380284}, {id=95, name=Lilias, gender=Female, phone=5986446659}, {id=96, name=Abie, gender=Male, phone=1788387111}, {id=97, name=Saleem, gender=Male, phone=6586151920}, {id=98, name=Elita, gender=Female, phone=1042902741}, {id=99, name=Adair, gender=Male, phone=3154964396}, {id=101, name=Patima, gender=Female, phone=1100332321}, {id=102, name=Fatima, gender=Female, phone=1234567890}, {id=103, name=Patima, gender=Female, phone=1100332321}, {id=104, name=Mat, gender=Male, phone=1100332320}, {id=105, name=Patima, gender=Female, phone=1100332321}, {id=106, name=Patima, gender=Female, phone=1100332321}, {id=107, name=Patima, gender=Female, phone=1100332321}, {id=108, name=Fatima, gender=Female, phone=1234567890}, {id=109, name=LKLKLKL, gender=Female, phone=88888888888}, {id=110, name=Patima, gender=Female, phone=7777777770}, {id=111, name=Patima, gender=Female, phone=1100332321}, {id=112, name=Patima, gender=Female, phone=7777777770}, {id=113, name=Patima, gender=Female, phone=1100332321}, {id=114, name=Patima, gender=Female, phone=1100332321}, {id=115, name=Fatima, gender=Female, phone=1234567890}, {id=116, name=Patima, gender=Female, phone=1100332321}, {id=117, name=Patima, gender=Female, phone=7777777770}, {id=118, name=Fatima, gender=Female, phone=1234567890}, {id=119, name=Fatima, gender=Female, phone=1234567890}, {id=121, name=Patima, gender=Female, phone=7777777770}, {id=122, name=Kattie, gender=Female, phone=1100332321}, {id=123, name=Houston, gender=Female, phone=1100332321}, {id=124, name=Anahi, gender=Female, phone=1100332321}, {id=125, name=Vinnie, gender=Female, phone=7777777770}, {id=126, name=Zena, gender=Female, phone=1100332321}, {id=127, name=Eileen, gender=Female, phone=1100332321}, {id=128, name=Waino, gender=Female, phone=7777777770}, {id=129, name=Lawson, gender=Female, phone=7777777770}, {id=130, name=Josianne, gender=Female, phone=7777777770}, {id=131, name=Trevor, gender=Female, phone=7777777770}, {id=132, name=Raven, gender=Female, phone=7777777770}, {id=133, name=Adelia, gender=Female, phone=1100332321}, {id=134, name=Shanel, gender=Female, phone=1100332321}, {id=135, name=Connie, gender=Female, phone=1100332321}, {id=136, name=Margaretta, gender=Female, phone=1234567890}, {id=137, name=Jorge, gender=Female, phone=1234567890}, {id=138, name=Patima, gender=Female, phone=1100332321}, {id=139, name=Helene, gender=Female, phone=88888888888}, {id=140, name=Kelton, gender=Female, phone=88888888888}, {id=141, name=Fritz, gender=Female, phone=88888888888}, {id=142, name=Ellis, gender=Female, phone=88888888888}, {id=143, name=Sabina, gender=Female, phone=88888888888}, {id=144, name=Pansy, gender=Female, phone=1234567890}, {id=145, name=Bobby, gender=Female, phone=1234567890}, {id=146, name=Brown, gender=Female, phone=1100332321}, {id=147, name=Alisha, gender=Female, phone=1100332321}, {id=148, name=107.196.8.255, gender=Female, phone=1234567890}, {id=149, name=Eulalia, gender=Female, phone=1111111111}, {id=150, name=Cali, gender=Female, phone=1100332321}, {id=151, name=Emelia, gender=Female, phone=1616086813}, {id=152, name=Chester, gender=Female, phone=1234567890}, {id=153, name=Adolph, gender=Female, phone=1616086814}, {id=154, name=Frank, gender=Female, phone=1616086815}, {id=155, name=Nestor, gender=Female, phone=1616086824}, {id=156, name=Maegan, gender=Female, phone=1100332321}, {id=157, name=Noemi, gender=Female, phone=1100332321}, {id=158, name=Evie, gender=Female, phone=1100332321}, {id=159, name=Trinity, gender=Female, phone=1100332321}, {id=160, name=Concepcion, gender=Female, phone=1100332321}, {id=161, name=Antoinette, gender=Female, phone=1616086862}, {id=162, name=Xzavier, gender=Female, phone=1616086866}, {id=163, name=Beaulah, gender=Female, phone=1616086868}, {id=164, name=Garrick, gender=Female, phone=1616086881}, {id=165, name=Ken, gender=Female, phone=1616086881}, {id=166, name=Cindy, gender=Female, phone=1616086882}, {id=167, name=Ima, gender=Female, phone=1616086883}, {id=168, name=Elfrieda, gender=Female, phone=1616086886}, {id=169, name=Liana, gender=Female, phone=1616086886}, {id=170, name=Vernie, gender=Female, phone=1616086888}, {id=171, name=Paolo, gender=Female, phone=1616086886}, {id=172, name=Ernestina, gender=Female, phone=1616086889}, {id=173, name=Americo, gender=Female, phone=1616086890}, {id=174, name=Eloise, gender=Female, phone=1616086888}, {id=175, name=Elna, gender=Female, phone=1616086895}, {id=176, name=Mark, gender=Female, phone=1616086896}, {id=177, name=Muriel, gender=Female, phone=1616086897}, {id=178, name=Issac, gender=Female, phone=1616086898}, {id=179, name=Elizabeth, gender=Female, phone=1616086900}, {id=180, name=Richard, gender=Female, phone=1100332321}, {id=181, name=Abbie, gender=Female, phone=1616086947}, {id=182, name=Jamie, gender=Female, phone=1616086957}, {id=183, name=Moriah, gender=Female, phone=1616086976}, {id=184, name=Jaden, gender=Female, phone=1616086987}, {id=185, name=Brianne, gender=Male, phone=5135478855}, {id=186, name=Efrain, gender=Male, phone=5135478855}, {id=187, name=Magdalen, gender=Male, phone=5135478855}, {id=188, name=Mae, gender=Male, phone=5135478855}, {id=189, name=Ethyl, gender=Male, phone=5135478855}, {id=190, name=Jimmy, gender=Male, phone=5135478855}, {id=191, name=Tyrese, gender=Male, phone=5135478855}, {id=192, name=Stephanie, gender=Male, phone=5135478855}, {id=193, name=Casandra, gender=Male, phone=5135478855}, {id=194, name=Lacy, gender=Male, phone=5135478855}, {id=195, name=Nannie, gender=Male, phone=5135478855}, {id=196, name=Mervin, gender=Male, phone=5135478855}, {id=197, name=Chris, gender=Male, phone=5135478855}, {id=198, name=Loy, gender=Female, phone=1616087191}, {id=199, name=Osborne, gender=Female, phone=1616091421}, {id=200, name=Merle, gender=Female, phone=1616091479}, {id=201, name=Amara, gender=Female, phone=1616091484}, {id=202, name=Kristofer, gender=Female, phone=1616091483}, {id=203, name=Daphne, gender=Female, phone=1616091489}, {id=204, name=Novella, gender=Female, phone=1616091592}, {id=205, name=Estel, gender=Female, phone=1616091852}, {id=206, name=Sadie, gender=Female, phone=1616092079}, {id=221, name=Helga, gender=Female, phone=1616145848}, {id=222, name=Armando, gender=Female, phone=1616145874}, {id=241, name=Lisa, gender=Male, phone=168558568985}, {id=261, name=Bernadette, gender=Female, phone=1616366613}, {id=262, name=Kamryn, gender=Female, phone=1616366690}, {id=263, name=Denika, gender=Female, phone=12345543217}, {id=264, name=Sienna, gender=Female, phone=12345543217}, {id=265, name=Chet, gender=Female, phone=12345543217}, {id=266, name=Tyrell, gender=Female, phone=12345543217}, {id=267, name=Bo, gender=Female, phone=12345543217}, {id=268, name=Jan, gender=Female, phone=1616372760}, {id=281, name=Meade, gender=Male, phone=9994128232}, {id=270, name=Beverly, gender=Female, phone=1616438121}, {id=271, name=Tyree, gender=Female, phone=1616438124}, {id=282, name=Meade, gender=Male, phone=9994128232}, {id=283, name=Meade, gender=Male, phone=9994128232}, {id=284, name=Meade, gender=Male, phone=9994128232}, {id=285, name=London, gender=Male, phone=9994128232}, {id=286, name=Nella, gender=Male, phone=9994128232}, {id=287, name=Jordyn, gender=Male, phone=9994128232}, {id=288, name=Cristobal, gender=Male, phone=1616525620}, {id=289, name=Jesse, gender=Male, phone=1616525621}, {id=290, name=Alicia, gender=Male, phone=1616525622}, {id=291, name=Reginald, gender=Male, phone=1616526464}, {id=292, name=Yazmin, gender=Male, phone=1616526471}, {id=293, name=Joan, gender=Male, phone=1616526472}, {id=294, name=Freeda, gender=Male, phone=1616526474}, {id=295, name=Margot, gender=Male, phone=1616526476}, {id=296, name=Random, gender=Male, phone=1111111111}, {id=297, name=Celia, gender=Male, phone=1616548948}, {id=298, name=Rosalind, gender=Male, phone=1616550805}, {id=299, name=Amara, gender=Male, phone=1616551080}, {id=300, name=Ryan, gender=Male, phone=1616551243}, {id=301, name=Alla, gender=Female, phone=17649848909}, {id=302, name=Misty, gender=Female, phone=17649848909}, {id=303, name=Bernie, gender=Female, phone=1617120553}, {id=304, name=Arlene, gender=Female, phone=1617120587}, {id=305, name=Timmothy, gender=Female, phone=1617120588}, {id=306, name=Darien, gender=Female, phone=12345678910}, {id=321, name=Romina, gender=Female, phone=7006438978}, {id=322, name=Romina, gender=Female, phone=7006438978}, {id=323, name=Romina, gender=Female, phone=7006438978}, {id=324, name=Romina, gender=Female, phone=7006438978}, {id=325, name=Shanelle, gender=Female, phone=7006438978}, {id=326, name=Yazmin, gender=Female, phone=7006438978}, {id=327, name=Javonte, gender=Female, phone=7006438978}, {id=328, name=Don, gender=Female, phone=7006438978}, {id=329, name=Juston, gender=Female, phone=7006438978}, {id=330, name=Isabelle, gender=Female, phone=7006438978}, {id=331, name=Laila, gender=Female, phone=1617209829}, {id=332, name=Devonte, gender=Female, phone=1617209833}, {id=333, name=Twila, gender=Female, phone=1617209837}, {id=334, name=Hector, gender=Female, phone=1617209847}, {id=335, name=Ona, gender=Female, phone=1617209851}, {id=336, name=Vincenzo, gender=Female, phone=1617211559}, {id=337, name=Darian, gender=Female, phone=1617212782}, {id=341, name=Corene, gender=Female, phone=1617598946}, {id=361, name=Nukhet, gender=Female, phone=4443338899}, {id=362, name=Nukhet, gender=Female, phone=4443338899}, {id=363, name=Susan, gender=Female, phone=5680939241}, {id=364, name=Ali, gender=Male, phone=5484648548}, {id=365, name=Halid, gender=Male, phone=1234567878}, {id=366, name=Ali, gender=Male, phone=5484648548}, {id=367, name=Halid, gender=Male, phone=1234567878}, {id=368, name=John, gender=Female, phone=9998887766}, {id=372, name=Veli, gender=Male, phone=5488948548}, {id=370, name=Jacqlyn, gender=Female, phone=6667778899}, {id=371, name=Veli, gender=Male, phone=5488948548}, {id=373, name=Jacqlyn, gender=Female, phone=6667778899}, {id=374, name=Veli, gender=Male, phone=5488948548}, {id=375, name=Jacqlyn, gender=Female, phone=6667778899}, {id=376, name=Veli, gender=Male, phone=5488948548}, {id=377, name=Jale, gender=Female, phone=9998881122}, {id=378, name=Neil, gender=Male, phone=9936387766}, {id=379, name=Julide, gender=Female, phone=9998881122}, {id=380, name=Biden, gender=Male, phone=9936387766}, {id=381, name=Biden, gender=Male, phone=9936387766}, {id=382, name=Biden, gender=Male, phone=9936387766}, {id=383, name=Kate, gender=Female, phone=12312312230}, {id=384, name=Kate, gender=Female, phone=12312312230}, {id=385, name=Melani, gender=Female, phone=1112223334}, {id=386, name=Kate, gender=Female, phone=12312312230}, {id=387, name=Kate, gender=Female, phone=12312312230}, {id=388, name=Siya, gender=Female, phone=1112223335}, {id=389, name=Kate, gender=Female, phone=12312312230}, {id=390, name=Siya, gender=Female, phone=1112223335}, {id=391, name=Colene, gender=Male, phone=37588799896}, {id=392, name=Thaddeus, gender=Female, phone=7343629898}, {id=393, name=Kristan, gender=Female, phone=6425464325}, {id=394, name=Tobi, gender=Female, phone=46143450999}, {id=395, name=Nada, gender=Male, phone=69329943713}, {id=396, name=Veda, gender=Male, phone=59758525712}, {id=397, name=Barney, gender=Male, phone=45361365546}, {id=398, name=Ahmed, gender=Female, phone=24794648541}, {id=399, name=Sadie, gender=Female, phone=82287900763}, {id=400, name=Bruno, gender=Male, phone=15547778802}, {id=401, name=Benjamin, gender=Female, phone=52654057163}, {id=402, name=Lesa, gender=Female, phone=8859228294}, {id=403, name=Clemmie, gender=Female, phone=84023152595}, {id=404, name=Chauncey, gender=Male, phone=21230569331}, {id=405, name=Shane, gender=Female, phone=73535524396}, {id=406, name=Valorie, gender=Female, phone=10017258354}, {id=407, name=Carrol, gender=Female, phone=32039609030}, {id=408, name=Silvy, gender=Male, phone=27349004950}, {id=409, name=Jenny, gender=Female, phone=8523874838}, {id=410, name=Jenny, gender=Male, phone=9559336067}, {id=411, name=Adam, gender=Male, phone=9835378852}, {id=412, name=Amelia, gender=Male, phone=7078688126}, {id=413, name=Barney, gender=Female, phone=43931657870}, {id=414, name=Cori, gender=Male, phone=9793115436}, {id=415, name=Fletcher, gender=Female, phone=84992210790}, {id=416, name=Marion, gender=Male, phone=2079773818}, {id=417, name=Preston, gender=Male, phone=6022981251}, {id=418, name=Antoine, gender=Male, phone=9516059460}, {id=419, name=Roosevelt, gender=Male, phone=8974443741}, {id=420, name=Sely, gender=Male, phone=43830305546}, {id=421, name=Abigale, gender=Male, phone=5204105446}, {id=422, name=Abigale, gender=Male, phone=92216408383}, {id=423, name=Wilfredo, gender=Female, phone=27457842897}, {id=424, name=Adelaide, gender=Male, phone=37547613326}, {id=425, name=Domenica, gender=Male, phone=7938505722}, {id=426, name=Quintin, gender=Male, phone=30986900434}, {id=427, name=Stacie, gender=Female, phone=6299283323}, {id=428, name=Jody, gender=Male, phone=7459390350}, {id=441, name=Felicita, gender=Male, phone=7481961322}, {id=481, name=Marin, gender=Male, phone=8905020824}, {id=442, name=Mitchell, gender=Male, phone=9424531347}, {id=461, name=Salvador, gender=Female, phone=7802592001}, {id=462, name=Melvin, gender=Male, phone=6878657513}, {id=482, name=Vaughn, gender=Female, phone=8780820186}, {id=483, name=Marlon, gender=Male, phone=5256535965}, {id=484, name=Latashia, gender=Female, phone=6555438504}, {id=485, name=Tyisha, gender=Male, phone=9813445289}, {id=486, name=Tennille, gender=Female, phone=7962132708}, {id=487, name=Vito, gender=Female, phone=5302007147}, {id=488, name=Santiago, gender=Female, phone=9955799585}, {id=489, name=Mattie, gender=Female, phone=6535429892}, {id=490, name=Renetta, gender=Male, phone=9886665042}, {id=491, name=Julius, gender=Female, phone=7501561752}, {id=492, name=Herbert, gender=Female, phone=6436837524}, {id=493, name=Vernice, gender=Male, phone=9589505325}, {id=494, name=Clark, gender=Female, phone=5278097018}, {id=495, name=Rolland, gender=Male, phone=6924723928}, {id=496, name=Alexander, gender=Female, phone=5567804930}, {id=497, name=Nickolas, gender=Male, phone=7678321746}, {id=498, name=Theo, gender=Male, phone=8707830460}, {id=499, name=Cary, gender=Female, phone=9658282155}, {id=500, name=Piper, gender=Female, phone=9725485115}, {id=501, name=Marivel, gender=Male, phone=8748923592}, {id=502, name=Quentin, gender=Male, phone=8089259618}, {id=503, name=Lonny, gender=Male, phone=6560288720}, {id=504, name=Patria, gender=Male, phone=5509262388}, {id=505, name=Amanda, gender=Male, phone=8406814880}, {id=506, name=Tyrone, gender=Male, phone=9160482580}, {id=507, name=Roseline, gender=Female, phone=8726068408}, {id=508, name=Jeffery, gender=Male, phone=6743021761}, {id=509, name=Hilton, gender=Female, phone=9523496418}, {id=510, name=Aide, gender=Female, phone=6659155632}, {id=511, name=Tyrell, gender=Female, phone=7026028338}, {id=512, name=Jasper, gender=Male, phone=7080831022}, {id=513, name=Forrest, gender=Male, phone=9336770293}, {id=514, name=Velma, gender=Male, phone=6652936576}, {id=515, name=Tobie, gender=Male, phone=7368528982}, {id=516, name=Lemuel, gender=Female, phone=9893460294}, {id=517, name=Arlyne, gender=Male, phone=9396145625}, {id=518, name=Ramonita, gender=Female, phone=5213223927}, {id=519, name=Wm, gender=Male, phone=9326670331}, {id=520, name=Magan, gender=Male, phone=7878861831}, {id=521, name=Tony, gender=Male, phone=6172521567}, {id=522, name=Casey, gender=Female, phone=6643937919}, {id=523, name=Bonny, gender=Male, phone=7839733732}, {id=524, name=Samual, gender=Female, phone=9570692013}, {id=525, name=Kacy, gender=Female, phone=7537735558}, {id=526, name=Trinidad, gender=Female, phone=6980123107}, {id=527, name=Zita, gender=Female, phone=9468578988}, {id=528, name=Alton, gender=Female, phone=8377635020}, {id=529, name=Tommie, gender=Male, phone=8041031339}, {id=530, name=Juan, gender=Male, phone=5519640973}, {id=531, name=Arvilla, gender=Male, phone=6702355892}, {id=532, name=Guillermo, gender=Female, phone=9856625289}, {id=533, name=Kathleen, gender=Male, phone=5482173870}, {id=534, name=Jean, gender=Male, phone=7332670575}, {id=535, name=Marion, gender=Female, phone=5232151444}, {id=536, name=Ricardo, gender=Male, phone=6619955056}, {id=537, name=Raleigh, gender=Male, phone=8313428851}, {id=538, name=Leigh, gender=Female, phone=5489986523}, {id=539, name=Keesha, gender=Male, phone=9764701674}, {id=540, name=Chad, gender=Male, phone=8873204276}, {id=541, name=Estefana, gender=Male, phone=5192271742}, {id=542, name=Dee, gender=Female, phone=5008971737}, {id=543, name=Jacklyn, gender=Male, phone=7259567104}, {id=544, name=Garret, gender=Female, phone=8626310114}, {id=545, name=Dena, gender=Female, phone=9150275934}, {id=546, name=Estell, gender=Male, phone=6779089338}, {id=547, name=Marjorie, gender=Male, phone=6827407973}, {id=549, name=Tyron, gender=Female, phone=5440914335}, {id=550, name=Carolyn, gender=Male, phone=7740277059}, {id=551, name=Clark, gender=Male, phone=9590287726}, {id=552, name=Lloyd, gender=Female, phone=9108507639}, {id=553, name=Lynetta, gender=Female, phone=5909211109}, {id=554, name=Keely, gender=Female, phone=5087533079}, {id=555, name=Mao, gender=Male, phone=9193300824}, {id=556, name=Julian, gender=Male, phone=5285755554}, {id=557, name=Yong, gender=Female, phone=6922024159}, {id=558, name=Eliseo, gender=Female, phone=7098585982}, {id=559, name=Basilia, gender=Male, phone=5453099266}, {id=560, name=Vonnie, gender=Female, phone=9871671827}, {id=561, name=Ashley, gender=Male, phone=8161195749}, {id=562, name=Nolan, gender=Female, phone=7273861628}, {id=563, name=Enrique, gender=Male, phone=8651165057}, {id=564, name=Larry, gender=Female, phone=7808665884}, {id=565, name=Rosella, gender=Male, phone=8901474473}, {id=566, name=Julian, gender=Male, phone=7252084684}, {id=567, name=Quentin, gender=Female, phone=6422275966}, {id=568, name=Rory, gender=Female, phone=6882691962}, {id=569, name=Araceli, gender=Male, phone=8944877129}, {id=570, name=Ray, gender=Male, phone=8211903066}, {id=571, name=Dotty, gender=Male, phone=6776153372}, {id=572, name=Man, gender=Female, phone=9806544952}, {id=573, name=Cori, gender=Male, phone=6534191349}, {id=574, name=Steven, gender=Male, phone=9169242968}, {id=575, name=Gerardo, gender=Female, phone=7091684444}, {id=576, name=Vallie, gender=Male, phone=7979633344}, {id=577, name=Artie, gender=Female, phone=6471595195}, {id=578, name=Agripina, gender=Male, phone=9277964058}, {id=579, name=Heide, gender=Female, phone=9455875000}, {id=580, name=Jude, gender=Male, phone=9510517001}, {id=584, name=Moshe, gender=Female, phone=8118718393}, {id=582, name=Elisabeth, gender=Female, phone=7956122281}, {id=583, name=Cornell, gender=Male, phone=9089615725}, {id=585, name=Jarred, gender=Female, phone=6511286423}, {id=586, name=Charlotte, gender=Male, phone=9157506095}, {id=587, name=Chris, gender=Male, phone=8067165575}, {id=588, name=Laurence, gender=Female, phone=9702127594}, {id=589, name=Jarrod, gender=Female, phone=8637825229}, {id=590, name=Len, gender=Female, phone=5713402034}, {id=591, name=Antoinette, gender=Male, phone=6171365804}, {id=592, name=Merrie, gender=Female, phone=7268239339}, {id=593, name=Herta, gender=Male, phone=9492328169}, {id=594, name=Granville, gender=Female, phone=7790136012}, {id=595, name=Brice, gender=Male, phone=6930842318}, {id=596, name=Terence, gender=Female, phone=6604847910}, {id=597, name=Terence, gender=Female, phone=6604847910}, {id=598, name=Fernando, gender=Male, phone=8392548426}, {id=599, name=Mika, gender=Female, phone=6680935200}, {id=600, name=Sade, gender=Female, phone=6116618072}, {id=601, name=Faustino, gender=Male, phone=8083831702}, {id=602, name=Faustino, gender=Male, phone=8083831702}, {id=603, name=Albina, gender=Female, phone=8719713934}, {id=604, name=Albina, gender=Female, phone=8719713934}, {id=605, name=Maggie, gender=Female, phone=8863809635}, {id=606, name=Jona, gender=Male, phone=9176415196}, {id=607, name=Christene, gender=Female, phone=9377168993}, {id=608, name=Alexis, gender=Female, phone=9120569827}, {id=609, name=Leigh, gender=Female, phone=6540494613}, {id=621, name=Kerry, gender=Male, phone=6027787638}, {id=622, name=Newton, gender=Male, phone=8974359859}, {id=623, name=Mireya, gender=Female, phone=5387169300}, {id=624, name=Nathanial, gender=Male, phone=9514213002}, {id=625, name=Gonzalo, gender=Male, phone=5844355162}, {id=626, name=Gracia, gender=Female, phone=9535112352}, {id=627, name=Santos, gender=Female, phone=7361814531}, {id=628, name=Chi, gender=Female, phone=7225858617}, {id=629, name=Freeman, gender=Male, phone=5152722038}, {id=630, name=Shaquana, gender=Female, phone=7819777796}, {id=631, name=Lavona, gender=Female, phone=8769665451}, {id=632, name=Val, gender=Female, phone=7378520093}, {id=633, name=Anibal, gender=Male, phone=1494853108}, {id=641, name=Milly, gender=Female, phone=8672973754}, {id=642, name=Emmanuel, gender=Female, phone=8789550266}, {id=643, name=Lane, gender=Male, phone=9759624420}, {id=649, name=Colby, gender=Female, phone=5163125161}, {id=647, name=Patricia, gender=Female, phone=6996094950}, {id=648, name=Gilberto, gender=Male, phone=7275713804}, {id=650, name=Trang, gender=Female, phone=5391090329}, {id=651, name=Leanne, gender=Male, phone=5389766676}, {id=652, name=Wallace, gender=Female, phone=7733434668}, {id=653, name=Elijah, gender=Female, phone=6707487527}, {id=654, name=Bradly, gender=Female, phone=8668675272}, {id=655, name=Luise, gender=Male, phone=8679513422}, {id=656, name=Felipa, gender=Male, phone=5499785962}, {id=657, name=Ben, gender=Female, phone=6334492877}, {id=658, name=Sandee, gender=Male, phone=2535360243}, {id=659, name=Babara, gender=Female, phone=5432781698}, {id=660, name=Elvis, gender=Male, phone=7605235530}, {id=661, name=Georgianna, gender=Male, phone=9391622458}, {id=662, name=Jamar, gender=Female, phone=8230968523}, {id=663, name=Haywood, gender=Female, phone=7804926144}, {id=664, name=Maryanne, gender=Female, phone=6585267908}, {id=665, name=Harrison, gender=Male, phone=6334936938}, {id=666, name=Isidro, gender=Male, phone=7774240748}, {id=667, name=Marilee, gender=Male, phone=6393169648}, {id=668, name=Mark, gender=Male, phone=8830209045}, {id=669, name=Porfirio, gender=Male, phone=9975135413}, {id=670, name=Starr, gender=Male, phone=6149845682}, {id=671, name=Xavier, gender=Female, phone=5312749098}, {id=672, name=Carmel, gender=Male, phone=8676835699}, {id=673, name=Joseph, gender=Female, phone=7772214922}, {id=674, name=Dwayne, gender=Male, phone=6408430364}, {id=675, name=Ezequiel, gender=Male, phone=6584171918}, {id=676, name=Kris, gender=Female, phone=5766566380}, {id=677, name=Mathew, gender=Male, phone=5631846597}, {id=678, name=George, gender=Male, phone=8292126032}, {id=679, name=Perry, gender=Male, phone=7847954293}, {id=680, name=Francesco, gender=Male, phone=8472901370}, {id=681, name=Emilio, gender=Male, phone=5035679386}, {id=682, name=Teena, gender=Male, phone=8363963314}, {id=683, name=Phuong, gender=Female, phone=9770580366}, {id=684, name=Maile, gender=Female, phone=8940482733}, {id=685, name=Mickey, gender=Female, phone=7590160349}, {id=686, name=Brett, gender=Female, phone=8574032154}, {id=687, name=Lakeesha, gender=Male, phone=7090163163}, {id=688, name=Ling, gender=Male, phone=6663444647}, {id=689, name=Elvia, gender=Male, phone=6332774095}, {id=690, name=Allen, gender=Female, phone=8048056303}, {id=691, name=Rosario, gender=Male, phone=6059523443}, {id=692, name=Chong, gender=Female, phone=7326467491}, {id=693, name=Margo, gender=Male, phone=9208025304}, {id=694, name=Odilia, gender=Male, phone=7271513890}, {id=695, name=Millard, gender=Female, phone=5553182280}, {id=696, name=Drusilla, gender=Male, phone=9271012191}, {id=697, name=Fritz, gender=Female, phone=7981458470}, {id=698, name=Melia, gender=Female, phone=6745728802}, {id=699, name=Teresita, gender=Male, phone=5457417972}, {id=700, name=Louis, gender=Male, phone=7917296830}, {id=701, name=Yong, gender=Male, phone=6553558365}, {id=702, name=Tosha, gender=Male, phone=6873480169}, {id=703, name=Rory, gender=Female, phone=8535809696}, {id=704, name=Coleman, gender=Female, phone=9720675340}, {id=705, name=Lurlene, gender=Male, phone=5890773437}, {id=706, name=Randall, gender=Male, phone=8249253781}, {id=707, name=Vern, gender=Female, phone=7697794659}, {id=708, name=Coy, gender=Male, phone=6503389204}, {id=709, name=Wilton, gender=Male, phone=6875600299}, {id=710, name=Damion, gender=Female, phone=6147598211}, {id=711, name=Charley, gender=Male, phone=5849900907}, {id=712, name=Hai, gender=Female, phone=6754351747}, {id=713, name=Neville, gender=Male, phone=6492528970}, {id=714, name=Jim, gender=Female, phone=6948481430}, {id=715, name=Stacie, gender=Male, phone=9978741631}, {id=716, name=Melvin, gender=Female, phone=6398919464}, {id=717, name=Lanny, gender=Female, phone=5709313134}, {id=718, name=Wesley, gender=Male, phone=5319803335}, {id=719, name=Kathyrn, gender=Female, phone=5329356045}, {id=720, name=Aldo, gender=Female, phone=9994610993}, {id=721, name=Lean, gender=Female, phone=9572047013}, {id=722, name=Ivory, gender=Female, phone=9608233087}, {id=723, name=Kevin, gender=Male, phone=9700990482}, {id=724, name=Alfonso, gender=Male, phone=8423710352}, {id=725, name=Arielle, gender=Male, phone=7509685082}, {id=726, name=Ngan, gender=Female, phone=9902876846}, {id=727, name=Yessenia, gender=Male, phone=5493134192}, {id=728, name=Monroe, gender=Female, phone=8582997744}, {id=729, name=Kattie, gender=Female, phone=8429733906}, {id=730, name=Edwin, gender=Female, phone=7509064310}, {id=731, name=Robin, gender=Male, phone=8039851820}, {id=732, name=Florencia, gender=Female, phone=6993640917}, {id=733, name=Taylor, gender=Male, phone=7538236489}, {id=734, name=Shemeka, gender=Male, phone=7621151244}, {id=735, name=Daniel, gender=Male, phone=7235312540}, {id=736, name=Eloy, gender=Male, phone=6772761819}, {id=737, name=Marlon, gender=Male, phone=7840972269}, {id=738, name=Fletcher, gender=Female, phone=5743061408}, {id=739, name=Percy, gender=Male, phone=7000718621}, {id=740, name=Quinton, gender=Female, phone=5289614388}, {id=741, name=Chauncey, gender=Male, phone=7488400179}, {id=742, name=Marvella, gender=Male, phone=9298497907}, {id=743, name=Norberto, gender=Female, phone=5013354813}, {id=744, name=Lyman, gender=Female, phone=5582933486}, {id=745, name=Kathie, gender=Male, phone=5163691851}, {id=746, name=Nita, gender=Male, phone=7042345653}, {id=747, name=Joie, gender=Male, phone=5246463804}, {id=748, name=Shiloh, gender=Male, phone=7887656099}, {id=749, name=Rolland, gender=Male, phone=7990535922}, {id=750, name=Alesha, gender=Female, phone=8815629793}, {id=751, name=Chanelle, gender=Male, phone=7550918341}, {id=752, name=Lasonya, gender=Male, phone=5174444594}, {id=753, name=Sergio, gender=Male, phone=5301078091}, {id=754, name=Beau, gender=Male, phone=7786203160}, {id=755, name=Gregorio, gender=Female, phone=5217068729}, {id=756, name=Altha, gender=Female, phone=8246754110}, {id=757, name=Alisha, gender=Male, phone=6228488720}, {id=758, name=Antonio, gender=Female, phone=5386251200}, {id=759, name=Trevor, gender=Female, phone=7743345715}, {id=760, name=Phil, gender=Male, phone=7392315665}, {id=761, name=Malcom, gender=Female, phone=9140469717}, {id=762, name=Cherlyn, gender=Male, phone=5343553032}, {id=763, name=Margareta, gender=Male, phone=7388068862}, {id=764, name=Eleni, gender=Female, phone=5621173301}, {id=765, name=Vernon, gender=Female, phone=8489239485}, {id=766, name=Cliff, gender=Male, phone=8495903714}, {id=767, name=Annice, gender=Male, phone=3700151364}, {id=768, name=Love, gender=Male, phone=7902336494}, {id=769, name=Cary, gender=Male, phone=6753275690}, {id=770, name=Tommie, gender=Male, phone=5527433882}, {id=771, name=Osvaldo, gender=Female, phone=6443211937}, {id=772, name=Charis, gender=Male, phone=6346362486}, {id=773, name=Christoper, gender=Male, phone=9234133296}, {id=774, name=Modesta, gender=Male, phone=5131759505}, {id=775, name=Jerrold, gender=Male, phone=7018163459}, {id=776, name=Zulma, gender=Male, phone=9847763754}, {id=777, name=Daniel, gender=Female, phone=6135842657}, {id=778, name=Garnet, gender=Female, phone=8424737952}, {id=779, name=Cassy, gender=Female, phone=9462369699}, {id=780, name=Dino, gender=Female, phone=5038537278}, {id=781, name=Rhett, gender=Female, phone=7987102694}, {id=782, name=Voncile, gender=Male, phone=3534202572}, {id=783, name=Ruben, gender=Female, phone=8825847631}, {id=784, name=Doloris, gender=Female, phone=9713316567}, {id=785, name=Jerrica, gender=Male, phone=8210127367}, {id=786, name=Ross, gender=Female, phone=8934700138}, {id=787, name=Carolin, gender=Female, phone=6446969284}, {id=788, name=Deshawn, gender=Male, phone=6766440468}, {id=789, name=Hee, gender=Male, phone=7307163272}, {id=790, name=Sidney, gender=Female, phone=7520193691}, {id=791, name=Sunday, gender=Female, phone=5243776503}, {id=792, name=Angelique, gender=Male, phone=7163977104}, {id=793, name=Neta, gender=Male, phone=6333741522}, {id=794, name=Aurelio, gender=Female, phone=9731396877}, {id=795, name=Marlana, gender=Female, phone=6624278037}, {id=796, name=Agustin, gender=Male, phone=6731685098}, {id=797, name=Rayna, gender=Male, phone=9048671005}, {id=798, name=Hilde, gender=Male, phone=5434233054}, {id=799, name=Emerald, gender=Male, phone=8273076664}, {id=800, name=Silas, gender=Male, phone=7718348334}, {id=801, name=Faustino, gender=Male, phone=8123612731}, {id=802, name=Lamar, gender=Female, phone=8365274108}, {id=803, name=Jamie, gender=Female, phone=5027283488}, {id=804, name=Ileana, gender=Female, phone=9126423690}, {id=805, name=Pete, gender=Female, phone=6337220940}, {id=806, name=Odis, gender=Male, phone=8509585584}, {id=807, name=Kendra, gender=Female, phone=7160221003}, {id=808, name=Carey, gender=Female, phone=9075348222}, {id=809, name=Ja, gender=Male, phone=7188003325}, {id=810, name=Jeannette, gender=Male, phone=7063151481}, {id=811, name=Lorene, gender=Male, phone=9161339769}, {id=812, name=Fernando, gender=Female, phone=7694041801}, {id=813, name=Bernardine, gender=Female, phone=9896878131}, {id=814, name=Billie, gender=Male, phone=6618716605}, {id=815, name=Wilhelmina, gender=Male, phone=6536059102}, {id=816, name=Kimbra, gender=Male, phone=7921208042}, {id=817, name=Nathanael, gender=Male, phone=5035090820}, {id=818, name=Raymond, gender=Male, phone=8262273052}, {id=819, name=Van, gender=Male, phone=8809107100}, {id=820, name=Latosha, gender=Female, phone=8689705523}, {id=821, name=Marcelle, gender=Male, phone=6043379276}, {id=822, name=Julius, gender=Female, phone=9278592890}, {id=823, name=Kermit, gender=Female, phone=5090145280}, {id=824, name=Eden, gender=Male, phone=8830613120}, {id=825, name=Alicia, gender=Male, phone=6987927220}, {id=826, name=Edmundo, gender=Male, phone=9238836320}, {id=827, name=Andre, gender=Female, phone=7442892586}, {id=828, name=Shane, gender=Male, phone=6415587351}, {id=829, name=Evelyn, gender=Female, phone=6465693786}, {id=830, name=Paul, gender=Male, phone=6181479825}, {id=831, name=Deanna, gender=Female, phone=6914488162}, {id=832, name=Senaida, gender=Male, phone=7569997684}, {id=833, name=Monroe, gender=Female, phone=5879614614}, {id=834, name=Timothy, gender=Female, phone=8742531806}, {id=835, name=Shandra, gender=Female, phone=7217646890}, {id=836, name=Korey, gender=Male, phone=9894718518}, {id=837, name=Lashaun, gender=Female, phone=9633221553}, {id=838, name=Charlott, gender=Female, phone=7599504538}, {id=839, name=Eduardo, gender=Male, phone=5459253162}, {id=840, name=Arnetta, gender=Male, phone=9667375516}, {id=841, name=Josue, gender=Male, phone=7179985425}, {id=842, name=Hayden, gender=Male, phone=9404126934}, {id=843, name=Ernestina, gender=Female, phone=8137300609}, {id=844, name=Kylie, gender=Female, phone=9888855350}, {id=845, name=Edmond, gender=Female, phone=5842273856}, {id=846, name=Tran, gender=Male, phone=8600716467}, {id=847, name=Ethan, gender=Female, phone=5315140917}, {id=848, name=Kraig, gender=Female, phone=5649840106}, {id=849, name=Willian, gender=Male, phone=5848923567}, {id=850, name=Meaghan, gender=Female, phone=8092851223}, {id=851, name=Jaime, gender=Male, phone=9936091074}, {id=852, name=Josette, gender=Male, phone=5745357937}, {id=853, name=Carlena, gender=Female, phone=5545773894}, {id=854, name=Sal, gender=Male, phone=6105179164}, {id=855, name=Loyd, gender=Female, phone=8488367743}, {id=856, name=Margeret, gender=Male, phone=9481567076}, {id=857, name=Ginny, gender=Male, phone=6277756493}, {id=858, name=Gary, gender=Male, phone=9836036632}, {id=859, name=Stacey, gender=Male, phone=7078871785}, {id=860, name=Shizuko, gender=Female, phone=6084070307}, {id=861, name=Deeanna, gender=Male, phone=9147541644}, {id=862, name=Lorretta, gender=Female, phone=6186838171}, {id=863, name=Eryn, gender=Female, phone=9368294817}, {id=864, name=Emanuel, gender=Female, phone=9573535648}, {id=865, name=Marty, gender=Male, phone=5777820246}, {id=866, name=Elenore, gender=Female, phone=9852264706}, {id=867, name=Aurore, gender=Male, phone=8607786080}, {id=868, name=Joshua, gender=Female, phone=6839889911}, {id=869, name=Sandy, gender=Female, phone=9625526555}, {id=870, name=Barbera, gender=Male, phone=2929854462}, {id=871, name=Myron, gender=Male, phone=4138159990}, {id=872, name=Sandie, gender=Male, phone=5756858634}, {id=873, name=Long, gender=Male, phone=7589398813}, {id=874, name=Debera, gender=Male, phone=2983918433}, {id=875, name=Frankie, gender=Female, phone=5341687263}, {id=876, name=Asia, gender=Female, phone=8753332263}, {id=877, name=Kelsi, gender=Male, phone=5320986100}, {id=878, name=Sharla, gender=Female, phone=5692721816}, {id=879, name=Dee, gender=Male, phone=6968421414}, {id=880, name=Tobias, gender=Male, phone=5662788519}, {id=881, name=Christopher, gender=Female, phone=6205245900}, {id=882, name=Marybelle, gender=Female, phone=8907109232}, {id=883, name=Renaldo, gender=Male, phone=6827710427}, {id=884, name=Jody, gender=Female, phone=7263659785}, {id=885, name=Drusilla, gender=Female, phone=5036918022}, {id=886, name=Terrell, gender=Female, phone=7992371597}, {id=887, name=Lorene, gender=Male, phone=7860687223}, {id=888, name=Van, gender=Male, phone=6358032727}, {id=889, name=Sam, gender=Male, phone=7160652577}, {id=890, name=Sondra, gender=Female, phone=5478312378}, {id=891, name=Hassan, gender=Male, phone=6714162469}, {id=892, name=Hue, gender=Male, phone=7669253909}, {id=893, name=Jan, gender=Female, phone=8954994243}, {id=894, name=Elliot, gender=Female, phone=8431090392}, {id=895, name=Dustin, gender=Female, phone=7312323956}, {id=896, name=Tatiana, gender=Female, phone=8586689569}, {id=897, name=Carlos, gender=Male, phone=7631967450}, {id=898, name=Mckenzie, gender=Female, phone=3187423434}, {id=899, name=Ellis, gender=Female, phone=7674597926}, {id=900, name=Duane, gender=Male, phone=6695283110}, {id=901, name=Duncan, gender=Female, phone=7659390930}, {id=902, name=Veronique, gender=Male, phone=3304072949}, {id=903, name=Kenyetta, gender=Female, phone=6597334269}, {id=904, name=Tara, gender=Male, phone=6078061801}, {id=905, name=Soo, gender=Female, phone=5983853573}, {id=906, name=Carl, gender=Female, phone=7824638403}, {id=907, name=Arthur, gender=Male, phone=5875441091}, {id=908, name=Roy, gender=Male, phone=9413653512}, {id=909, name=Wilford, gender=Male, phone=8316473551}, {id=910, name=Candra, gender=Male, phone=6987687622}, {id=911, name=Leslie, gender=Male, phone=6252481302}, {id=912, name=Alaina, gender=Male, phone=8235921012}, {id=913, name=Synthia, gender=Female, phone=9511891984}, {id=914, name=Forrest, gender=Female, phone=9817179178}, {id=915, name=Delsie, gender=Male, phone=9525037310}, {id=916, name=Merrie, gender=Male, phone=9039552042}, {id=917, name=Blaine, gender=Male, phone=5638330682}, {id=918, name=Ling, gender=Female, phone=5688744481}, {id=919, name=Bo, gender=Female, phone=5499917306}, {id=920, name=Chong, gender=Male, phone=7938921996}, {id=921, name=Bruce, gender=Female, phone=7339231121}, {id=922, name=Marvin, gender=Female, phone=8997961577}, {id=923, name=Harris, gender=Male, phone=6229011593}, {id=924, name=Kit, gender=Female, phone=7869038098}, {id=925, name=Martina, gender=Female, phone=9991551405}, {id=926, name=Gale, gender=Male, phone=7257862330}, {id=927, name=Edwin, gender=Female, phone=5897177731}, {id=928, name=Myron, gender=Male, phone=9495959867}, {id=929, name=Gema, gender=Female, phone=5044504052}, {id=930, name=Van, gender=Female, phone=8087446994}, {id=931, name=Racheal, gender=Female, phone=5394956770}, {id=932, name=Gavin, gender=Female, phone=5585083834}, {id=933, name=Salvatore, gender=Female, phone=7014258241}, {id=934, name=Jerold, gender=Female, phone=9709189655}, {id=935, name=Giselle, gender=Female, phone=9206612345}, {id=936, name=Guadalupe, gender=Male, phone=5578845707}, {id=937, name=Eugene, gender=Male, phone=6323988821}, {id=938, name=Kirstin, gender=Female, phone=6293052005}, {id=939, name=Caron, gender=Male, phone=9646499632}, {id=940, name=Donald, gender=Female, phone=5217855348}, {id=941, name=Slyvia, gender=Female, phone=9354096031}, {id=942, name=Gerard, gender=Male, phone=5892092120}, {id=943, name=Jacinta, gender=Male, phone=6802550266}, {id=944, name=Billie, gender=Female, phone=8751373616}, {id=945, name=Kelle, gender=Male, phone=5761933146}, {id=946, name=Reba, gender=Female, phone=8893253703}, {id=947, name=Ismael, gender=Male, phone=7706037695}, {id=948, name=Elvin, gender=Male, phone=9329711819}, {id=949, name=Rochell, gender=Female, phone=5310831439}, {id=950, name=Jewel, gender=Male, phone=7207385225}, {id=951, name=Shizue, gender=Female, phone=8816665293}, {id=952, name=Jonna, gender=Male, phone=9372142110}, {id=953, name=Joan, gender=Female, phone=6027710537}, {id=954, name=Jerold, gender=Female, phone=8521539827}, {id=955, name=Kassandra, gender=Male, phone=7316055706}, {id=956, name=Criselda, gender=Female, phone=7806270499}, {id=957, name=Shavonne, gender=Male, phone=6791884226}, {id=958, name=Georgina, gender=Female, phone=9419834747}, {id=959, name=Terry, gender=Female, phone=5411887997}, {id=960, name=Yvone, gender=Male, phone=9214919049}, {id=961, name=Elba, gender=Male, phone=9525988311}, {id=962, name=Shon, gender=Male, phone=5273981987}, {id=963, name=Stephan, gender=Female, phone=8769855803}, {id=964, name=Edison, gender=Male, phone=7900533064}, {id=965, name=Tennille, gender=Male, phone=5914836593}, {id=966, name=Eugenie, gender=Male, phone=6814099532}, {id=970, name=Kristle, gender=Male, phone=8716165412}, {id=968, name=Tomasa, gender=Female, phone=8940490242}, {id=969, name=Rodrick, gender=Female, phone=5211642139}, {id=971, name=Pete, gender=Female, phone=7392044336}, {id=972, name=Clinton, gender=Female, phone=7100821147}, {id=973, name=Forrest, gender=Female, phone=8102485619}, {id=974, name=Jackelyn, gender=Male, phone=9028975232}, {id=975, name=Zackary, gender=Male, phone=8091102873}, {id=976, name=Lauralee, gender=Female, phone=8927386976}, {id=977, name=Israel, gender=Male, phone=9614137690}, {id=978, name=Janeth, gender=Female, phone=6371090427}, {id=979, name=Kellie, gender=Male, phone=7213641422}, {id=980, name=Refugio, gender=Male, phone=9078005500}, {id=981, name=Horace, gender=Male, phone=5453722002}, {id=982, name=Isaac, gender=Male, phone=9763232919}, {id=983, name=Maximo, gender=Male, phone=7954829060}, {id=984, name=Agustin, gender=Male, phone=8543427753}, {id=985, name=April, gender=Male, phone=7931643910}, {id=986, name=Curtis, gender=Female, phone=7812719070}, {id=987, name=Loyd, gender=Male, phone=7283962454}, {id=988, name=Autumn, gender=Female, phone=7816251676}, {id=989, name=Lianne, gender=Male, phone=5062158563}, {id=990, name=Gerard, gender=Male, phone=6196126514}, {id=991, name=Bobbi, gender=Male, phone=9026129767}, {id=992, name=Inez, gender=Male, phone=9304462609}, {id=993, name=Jesse, gender=Male, phone=8718299282}, {id=994, name=Charmain, gender=Female, phone=7852450591}, {id=995, name=Maurice, gender=Male, phone=9367225547}, {id=1001, name=Leslie, gender=Male, phone=6974072667}, {id=1002, name=Maxwell, gender=Male, phone=6943618205}, {id=1003, name=Jermaine, gender=Male, phone=6909603187}, {id=1004, name=Rocco, gender=Male, phone=8888853618}, {id=1005, name=Enrique, gender=Male, phone=5389391968}, {id=1006, name=Kraig, gender=Female, phone=5290007136}, {id=1007, name=Chong, gender=Male, phone=5287614715}, {id=1008, name=Latisha, gender=Female, phone=6086377650}, {id=1009, name=Joslyn, gender=Male, phone=6357140871}, {id=1010, name=Rich, gender=Male, phone=9802745996}, {id=1011, name=Lee, gender=Female, phone=7446194453}, {id=1012, name=Sebastian, gender=Male, phone=6262795186}, {id=1013, name=Johnny, gender=Female, phone=7261220429}, {id=1014, name=Maryann, gender=Female, phone=8896160115}, {id=1015, name=Quyen, gender=Female, phone=6648037880}, {id=1016, name=Rema, gender=Male, phone=5128735437}, {id=1017, name=Frances, gender=Male, phone=6159199540}, {id=1018, name=Billie, gender=Male, phone=6548083634}, {id=1019, name=Kerry, gender=Female, phone=7670002267}, {id=1020, name=Eunostus, gender=Male, phone=7975048779}, {id=1021, name=Deandrea, gender=Female, phone=7995609059}, {id=1022, name=Dalia, gender=Male, phone=7422965258}, {id=1023, name=Amparo, gender=Female, phone=6028777757}, {id=1024, name=Castor, gender=Female, phone=8005104713}, {id=1025, name=Salley, gender=Female, phone=5080788043}, {id=1026, name=Medusa, gender=Female, phone=6609104094}, {id=1027, name=Ed, gender=Male, phone=9551602659}, {id=1028, name=Elton, gender=Male, phone=8491388828}, {id=1029, name=Cliff, gender=Female, phone=8830023194}, {id=1030, name=Jan, gender=Female, phone=9375524272}, {id=1031, name=Tameka, gender=Female, phone=8301962828}, {id=1032, name=Eleonore, gender=Male, phone=5167688640}, {id=1033, name=Donny, gender=Female, phone=8546150842}, {id=1034, name=Kai, gender=Female, phone=8392134035}, {id=1035, name=Yoshie, gender=Female, phone=6009108493}, {id=1036, name=Marivel, gender=Female, phone=5866533384}, {id=1037, name=Morton, gender=Female, phone=9663940236}, {id=1038, name=Latrice, gender=Female, phone=7005378686}, {id=1039, name=Barbara, gender=Male, phone=6227683412}, {id=1040, name=Gregg, gender=Female, phone=8889576095}, {id=1041, name=Hong, gender=Female, phone=5240557703}, {id=1042, name=Shayne, gender=Female, phone=9280549296}, {id=1043, name=Vito, gender=Female, phone=6504754051}, {id=1044, name=Guillermina, gender=Male, phone=7985900511}, {id=1045, name=Ercan Civi, gender=Male, phone=7133306302}, {id=1046, name=Muhammad, gender=Male, phone=9293215645}, {id=1047, name=Inci, gender=Female, phone=7038142311}, {id=1048, name=Ercan Civi, gender=Male, phone=7133306302}, {id=1049, name=Ercan Civi, gender=Male, phone=7133306302}, {id=1050, name=Muhammad, gender=Male, phone=9293215645}, {id=1051, name=Muhammad, gender=Male, phone=9293215645}, {id=1052, name=Inci, gender=Female, phone=7038142311}, {id=1053, name=Inci, gender=Female, phone=7038142311}, {id=1054, name=Liubov, gender=Female, phone=2345678991}, {id=1055, name=Paut, gender=Male, phone=97643645335}, {id=1056, name=Vika, gender=Female, phone=23455678992}, {id=1057, name=Liubov, gender=Female, phone=2345678991}, {id=1058, name=Paut, gender=Male, phone=97643645335}, {id=1059, name=Vika, gender=Female, phone=23455678992}, {id=1060, name=Ian, gender=Female, phone=7545139710}, {id=1061, name=Rebecka, gender=Male, phone=6209301554}, {id=1062, name=Ercan Civi, gender=Male, phone=7133306302}, {id=1063, name=Muhammad, gender=Male, phone=9293215645}, {id=1064, name=Inci, gender=Female, phone=7038142311}, {id=1065, name=Rico, gender=Male, phone=9531267352}, {id=1066, name=Hope, gender=Female, phone=5467054659}, {id=1067, name=Ercan Civi, gender=Male, phone=7133306302}, {id=1068, name=Muhammad, gender=Male, phone=9293215645}, {id=1069, name=Inci, gender=Female, phone=7038142311}, {id=1070, name=Sophie, gender=Male, phone=7719730091}, {id=1071, name=Ercan Civi, gender=Male, phone=7133306302}, {id=1072, name=Muhammad, gender=Male, phone=9293215645}, {id=1073, name=Inci, gender=Female, phone=7038142311}, {id=1074, name=Domingo, gender=Male, phone=9350235421}, {id=1075, name=Ercan Civi, gender=Male, phone=7133306302}, {id=1076, name=Muhammad, gender=Male, phone=9293215645}, {id=1077, name=Inci, gender=Female, phone=7038142311}, {id=1078, name=Keeley, gender=Female, phone=6326220324}, {id=1079, name=Eddy, gender=Male, phone=8889690174}, {id=1080, name=Nelson, gender=Male, phone=5861756867}, {id=1081, name=Ercan Civi, gender=Male, phone=7133306302}, {id=1082, name=Clifford, gender=Male, phone=5511900226}, {id=1083, name=Muhammed, gender=Male, phone=9293215645}, {id=1084, name=Ercan Civi, gender=Male, phone=7133306302}, {id=1085, name=Muhammad, gender=Male, phone=9293215645}, {id=1086, name=Inci, gender=Female, phone=7038142311}, {id=1087, name=Inci, gender=Female, phone=7038142311}, {id=1088, name=Ercan Civi, gender=Male, phone=7133306302}, {id=1089, name=Muhammad, gender=Male, phone=9293215645}, {id=1090, name=Inci, gender=Female, phone=7038142311}, {id=1091, name=Ercan Civi, gender=Male, phone=7133306302}, {id=1092, name=Muhammad, gender=Male, phone=9293215645}, {id=1093, name=Inci, gender=Female, phone=7038142311}, {id=1094, name=Sanford, gender=Female, phone=5103368683}, {id=1095, name=Ercan Civi, gender=Male, phone=7133306302}, {id=1096, name=Muhammad, gender=Male, phone=9293215645}, {id=1097, name=Inci, gender=Female, phone=7038142311}, {id=1098, name=Erik, gender=Female, phone=9116885894}, {id=1099, name=Ercan Civi, gender=Male, phone=7133306302}, {id=1100, name=Muhammad, gender=Male, phone=9293215645}, {id=1101, name=Inci, gender=Female, phone=7038142311}, {id=1102, name=Ercan Civi, gender=Male, phone=7133306302}, {id=1103, name=Muhammad, gender=Male, phone=9293215645}, {id=1104, name=Inci, gender=Female, phone=7038142311}, {id=1105, name=Ercan Civi, gender=Male, phone=7133306302}, {id=1106, name=Muhammad, gender=Male, phone=9293124523}, {id=1107, name=Inci, gender=Female, phone=7902346512}, {id=1108, name=Ercan Civi, gender=Male, phone=7133306302}, {id=1109, name=Muhammad, gender=Male, phone=9293215645}, {id=1110, name=Inci, gender=Female, phone=7038142311}, {id=1111, name=Josefine, gender=Female, phone=5292266204}, {id=1112, name=Ercan Civi, gender=Male, phone=7133306302}, {id=1113, name=Muhammad, gender=Male, phone=9293215645}, {id=1114, name=Inci, gender=Female, phone=7038142311}, {id=1115, name=Pamula, gender=Male, phone=6011922097}, {id=1116, name=Ercan Civi, gender=Male, phone=7133306302}, {id=1117, name=Muhammed, gender=Male, phone=9293215645}, {id=1118, name=Inci, gender=Female, phone=7038142311}, {id=1119, name=Linh, gender=Male, phone=6727866151}, {id=1120, name=Ercan Civi, gender=Male, phone=7133306302}, {id=1121, name=Muhammad, gender=Male, phone=9293215645}, {id=1122, name=Inci, gender=Female, phone=7038142311}, {id=1123, name=Ercan Civi, gender=Male, phone=7133306302}, {id=1124, name=Lynwood, gender=Male, phone=6826673784}, {id=1125, name=Ercan Civi, gender=Male, phone=7133306302}, {id=1126, name=Muhammad, gender=Male, phone=9293215645}, {id=1127, name=Inci, gender=Female, phone=7038142311}, {id=1128, name=Micah, gender=Female, phone=1559483752}, {id=1129, name=Ercan Civi, gender=Male, phone=7133306302}, {id=1130, name=Muhammad, gender=Male, phone=9293124523}, {id=1131, name=Inci, gender=Female, phone=7902346512}, {id=1132, name=Parker, gender=Male, phone=8758878198}, {id=1133, name=Ercan Civi, gender=Male, phone=7133306302}, {id=1134, name=Muhammad, gender=Male, phone=9293215645}, {id=1135, name=Inci, gender=Female, phone=7038142311}, {id=1136, name=Ercan Civi, gender=Male, phone=7133306302}, {id=1137, name=Muhammad, gender=Male, phone=9293215645}, {id=1138, name=Inci, gender=Female, phone=7038142311}, {id=1139, name=Ercan Civi, gender=Male, phone=7133306302}, {id=1140, name=Fransisca, gender=Male, phone=8087580290}, {id=1141, name=Ercan Civi, gender=Male, phone=7133306302}, {id=1142, name=Muhammad, gender=Male, phone=9293215645}, {id=1143, name=Inci, gender=Female, phone=7038142311}, {id=1144, name=Ercan Civi, gender=Male, phone=7133306302}, {id=1145, name=Muhammad, gender=Male, phone=9293215645}, {id=1146, name=Inci, gender=Female, phone=7038142311}, {id=1147, name=Lowell, gender=Female, phone=8727534721}, {id=1148, name=Muhammad, gender=Male, phone=9293215645}, {id=1149, name=Ercan Civi, gender=Male, phone=7133306302}, {id=1150, name=Inci, gender=Female, phone=7038142311}, {id=1151, name=Muhammad, gender=Male, phone=9293215645}, {id=1152, name=Inci, gender=Female, phone=7038142311}, {id=1153, name=Ercan Civi, gender=Male, phone=7133306302}, {id=1154, name=Victor, gender=Male, phone=8686715612}, {id=1155, name=Muhammad, gender=Male, phone=9293215645}, {id=1156, name=Inci, gender=Female, phone=7038142311}, {id=1157, name=Ercan Civi, gender=Male, phone=7133306302}, {id=1158, name=Muhammad, gender=Male, phone=9293215645}, {id=1159, name=Inci, gender=Female, phone=7038142311}, {id=1160, name=Renaldo, gender=Male, phone=6392042370}, {id=1161, name=Tristan, gender=Female, phone=5634507373}, {id=1162, name=Ercan Civi, gender=Male, phone=7133306302}, {id=1163, name=Muhammad, gender=Male, phone=9293215645}, {id=1164, name=Inci, gender=Female, phone=7038142311}, {id=1165, name=Ercan Civi, gender=Male, phone=7133306302}, {id=1166, name=Muhammad, gender=Male, phone=9293215645}, {id=1167, name=Inci, gender=Female, phone=7038142311}, {id=1168, name=Carlotta, gender=Female, phone=3558838685}, {id=1169, name=Ercan Civi, gender=Male, phone=7133306302}, {id=1170, name=Muhammad, gender=Male, phone=9293124523}, {id=1171, name=Inci, gender=Female, phone=7902346512}, {id=1172, name=Lisette, gender=Male, phone=6377710940}, {id=1173, name=Ercan Civi, gender=Male, phone=7133306302}, {id=1174, name=Troy, gender=Male, phone=6859151811}, {id=1175, name=Muhammad, gender=Male, phone=9293215645}, {id=1176, name=Inci, gender=Female, phone=7038142311}, {id=1177, name=Ercan Civi, gender=Male, phone=7133306302}, {id=1178, name=Muhammad, gender=Male, phone=9293215645}, {id=1179, name=Marvin, gender=Male, phone=6452787240}, {id=1180, name=Inci, gender=Female, phone=7038142311}, {id=1181, name=Charlie, gender=Female, phone=9793069101}, {id=1182, name=Ercan Civi, gender=Male, phone=7133306302}, {id=1183, name=Muhammad, gender=Male, phone=9293215645}, {id=1184, name=Inci, gender=Female, phone=7038142311}, {id=1185, name=Charlesetta, gender=Female, phone=4905055316}, {id=1186, name=Ercan Civi, gender=Male, phone=7133306302}, {id=1187, name=Muhammad, gender=Male, phone=9293124523}, {id=1188, name=Inci, gender=Female, phone=7902346512}, {id=1189, name=Ercan Civi, gender=Male, phone=7133306302}, {id=1190, name=Edward, gender=Female, phone=9136529691}, {id=1191, name=Muhammad, gender=Male, phone=9293215645}, {id=1192, name=Inci, gender=Female, phone=7038142311}, {id=1193, name=Ercan Civi, gender=Male, phone=7133306302}, {id=1194, name=Muhammad, gender=Male, phone=9293215645}, {id=1195, name=Inci, gender=Female, phone=7038142311}, {id=1196, name=Muhammad, gender=Male, phone=9293215645}, {id=1197, name=Inci, gender=Female, phone=7038142311}, {id=1198, name=Nevada, gender=Female, phone=8060040462}, {id=1199, name=Ercan Civi, gender=Male, phone=7133306302}, {id=1200, name=Muhammad, gender=Male, phone=9293215645}, {id=1201, name=Inci, gender=Female, phone=7038142311}, {id=1202, name=Ercan Civi, gender=Male, phone=7133306302}, {id=1203, name=Muhammad, gender=Male, phone=9293215645}, {id=1204, name=Inci, gender=Female, phone=7038142311}, {id=1205, name=Otis, gender=Female, phone=6923355958}, {id=1206, name=Ercan Civi, gender=Male, phone=7133306302}, {id=1207, name=Muhammad, gender=Male, phone=9293215645}, {id=1208, name=Inci, gender=Female, phone=7038142311}, {id=1209, name=Merle, gender=Male, phone=3574708994}, {id=1210, name=Ercan Civi, gender=Male, phone=7133306302}, {id=1211, name=Muhammad, gender=Male, phone=9293124523}, {id=1212, name=Inci, gender=Female, phone=7902346512}, {id=1213, name=Edwardo, gender=Male, phone=5240807259}, {id=1214, name=Ercan Civi, gender=Male, phone=7133306302}, {id=1215, name=Muhammad, gender=Male, phone=9293215645}, {id=1216, name=Inci, gender=Female, phone=7038142311}, {id=1217, name=Jayden, gender=Female, phone=1618583325}, {id=1218, name=Liubov, gender=Female, phone=2345678991}, {id=1219, name=Paut, gender=Male, phone=97643645335}, {id=1220, name=Vika, gender=Female, phone=23455678992}, {id=1221, name=Amos, gender=Male, phone=5412593807}, {id=1222, name=Liubov, gender=Female, phone=2345678991}, {id=1223, name=Paut, gender=Male, phone=97643645335}, {id=1224, name=Vika, gender=Female, phone=23455678992}, {id=1225, name=Micheal, gender=Male, phone=8121776611}, {id=1226, name=Dan, gender=Male, phone=9284357153}, {id=1227, name=Regine, gender=Female, phone=5871560915}, {id=1228, name=Ercan Civi, gender=Male, phone=7133306302}, {id=1229, name=Muhammad, gender=Male, phone=9293215645}, {id=1230, name=Inci, gender=Female, phone=7038142311}, {id=1231, name=Markita, gender=Male, phone=8212294137}, {id=1232, name=Muhammad, gender=Male, phone=9293215645}, {id=1233, name=Garfield, gender=Female, phone=6584481435}, {id=1234, name=Marth, gender=Female, phone=7836467665}, {id=1235, name=Angel, gender=Male, phone=8766253257}, {id=1236, name=Ercan Civi, gender=Male, phone=7133306302}, {id=1237, name=Muhammad, gender=Male, phone=9293215645}, {id=1238, name=Inci, gender=Female, phone=7038142311}, {id=1239, name=Ercan Civi, gender=Male, phone=7133306302}, {id=1240, name=Muhammad, gender=Male, phone=9293215645}, {id=1241, name=Inci, gender=Female, phone=7038142311}, {id=1242, name=Ercan Civi, gender=Male, phone=7894561230}, {id=1243, name=Muhammad, gender=Male, phone=4567891234}, {id=1244, name=Inci, gender=Female, phone=1237894566}, {id=1245, name=Leonardo, gender=Male, phone=5267801426}, {id=1246, name=Ercan Civi, gender=Male, phone=7133306302}, {id=1247, name=Muhammad, gender=Male, phone=9293215645}, {id=1248, name=Inci, gender=Female, phone=7038142311}, {id=1249, name=Terrell, gender=Female, phone=8660138990}, {id=1250, name=Ercan Civi, gender=Male, phone=7133306302}, {id=1251, name=Muhammad, gender=Male, phone=9293215645}, {id=1252, name=Inci, gender=Female, phone=7038142311}, {id=1253, name=Ercan Civi, gender=Male, phone=7133306302}, {id=1254, name=Muhammad, gender=Male, phone=9293215645}, {id=1255, name=Inci, gender=Female, phone=7038142311}, {id=1256, name=tamerlan1, gender=Male, phone=1231231231}, {id=1257, name=tamerlan2, gender=Male, phone=1231231231}, {id=1258, name=tamerlan3, gender=Male, phone=1231231231}, {id=1259, name=tamerlan4, gender=Male, phone=1231231231}, {id=1260, name=Alysa, gender=Female, phone=7609547021}, {id=1261, name=Ercan Civi, gender=Male, phone=7133306302}, {id=1262, name=Muhammad, gender=Male, phone=9293215645}, {id=1263, name=Inci, gender=Female, phone=7038142311}, {id=1264, name=Ercan Civi, gender=Male, phone=7133306302}, {id=1265, name=Muhammad, gender=Male, phone=9293215645}, {id=1266, name=Inci, gender=Female, phone=7038142311}, {id=1267, name=Elijah, gender=Male, phone=5898983552}, {id=1268, name=Ercan Civi, gender=Male, phone=7133306302}, {id=1269, name=Muhammad, gender=Male, phone=9293215645}, {id=1270, name=Inci, gender=Female, phone=7038142311}, {id=1271, name=Raymond, gender=Male, phone=7532516253}, {id=1272, name=Ercan Civi, gender=Male, phone=7133306302}, {id=1273, name=Muhammad, gender=Male, phone=9293215645}, {id=1274, name=Inci, gender=Female, phone=7038142311}, {id=1275, name=Scot, gender=Male, phone=9833968557}, {id=1276, name=Rodrigo, gender=Male, phone=5548853117}, {id=1277, name=Ercan Civi, gender=Male, phone=7133306302}, {id=1278, name=Muhammad, gender=Male, phone=9293215645}, {id=1279, name=Inci, gender=Female, phone=7038142311}, {id=1280, name=Ercan Civi, gender=Male, phone=7133306302}, {id=1281, name=Ercan Civi, gender=Male, phone=7133306302}, {id=1282, name=Muhammad, gender=Male, phone=9293215645}, {id=1283, name=Muhammad, gender=Male, phone=9293215645}, {id=1284, name=Inci, gender=Female, phone=7038142311}, {id=1285, name=Inci, gender=Female, phone=7038142311}, {id=1286, name=Tynisha, gender=Female, phone=5780647419}, {id=1287, name=Salvatore, gender=Female, phone=5094341980}, {id=1288, name=Ercan Civi, gender=Male, phone=7133306302}, {id=1289, name=Ercan Civi, gender=Male, phone=7133306302}, {id=1290, name=Muhammad, gender=Male, phone=9293215645}, {id=1291, name=Muhammad, gender=Male, phone=9293215645}, {id=1292, name=Inci, gender=Female, phone=7038142311}, {id=1293, name=Inci, gender=Female, phone=7038142311}, {id=1294, name=Doyle, gender=Male, phone=5087216632}, {id=1295, name=Ercan Civi, gender=Male, phone=7133306302}, {id=1296, name=Muhammad, gender=Male, phone=9293215645}, {id=1297, name=Inci, gender=Female, phone=7038142311}, {id=1298, name=Ahmed, gender=Female, phone=5416884269}, {id=1299, name=Harvey, gender=Male, phone=4820495318}, {id=1300, name=Ercan Civi, gender=Male, phone=7133306302}, {id=1301, name=Muhammad, gender=Male, phone=9293124523}, {id=1302, name=Inci, gender=Female, phone=7902346512}, {id=1303, name=Gregorio, gender=Male, phone=8115328956}, {id=1304, name=Ercan Civi, gender=Male, phone=7133306302}, {id=1305, name=Muhammad, gender=Male, phone=9293215645}, {id=1306, name=Alexis, gender=Male, phone=8662355163}, {id=1307, name=Inci, gender=Female, phone=7038142311}, {id=1308, name=Ercan Civi, gender=Male, phone=7133306302}, {id=1309, name=Muhammad, gender=Male, phone=9293215645}, {id=1310, name=Inci, gender=Female, phone=7038142311}, {id=1311, name=Adriane, gender=Male, phone=8116688757}, {id=1312, name=Ercan Civi, gender=Male, phone=7133306302}, {id=1313, name=Muhammad, gender=Male, phone=9293215645}, {id=1314, name=Inci, gender=Female, phone=7038142311}, {id=1315, name=Ercan Civi, gender=Male, phone=7133306302}, {id=1316, name=Muhammad, gender=Male, phone=9293215645}, {id=1317, name=Inci, gender=Female, phone=7038142311}, {id=1318, name=Amalia, gender=Female, phone=6817858936}, {id=1319, name=Ercan Civi, gender=Male, phone=7133306302}, {id=1320, name=Muhammad, gender=Male, phone=9293215645}, {id=1321, name=Inci, gender=Female, phone=7038142311}, {id=1322, name=Santiago, gender=Male, phone=6692704030}, {id=1323, name=Ercan Civi, gender=Male, phone=7133306302}, {id=1324, name=Muhammad, gender=Male, phone=9293215645}, {id=1325, name=Inci, gender=Female, phone=7038142311}, {id=1326, name=Buster, gender=Female, phone=9379023854}, {id=1327, name=Ercan Civi, gender=Male, phone=7133306302}, {id=1328, name=Muhammad, gender=Male, phone=9293215645}, {id=1329, name=Inci, gender=Female, phone=7038142311}, {id=1330, name=George, gender=Male, phone=8082114558}, {id=1331, name=Ercan Civi, gender=Male, phone=7133306302}, {id=1332, name=Muhammad, gender=Male, phone=9293215645}, {id=1333, name=Inci, gender=Female, phone=7038142311}, {id=1334, name=Zula, gender=Male, phone=6834835588}, {id=1335, name=Ercan Civi, gender=Male, phone=7133306302}, {id=1336, name=Muhammad, gender=Male, phone=9293215645}, {id=1337, name=Inci, gender=Female, phone=7038142311}, {id=1338, name=Antonetta, gender=Male, phone=6507755054}, {id=1339, name=Ercan Civi, gender=Male, phone=7133306302}, {id=1340, name=Muhammad, gender=Male, phone=9293215645}, {id=1341, name=Inci, gender=Female, phone=7038142311}, {id=1342, name=Shanae, gender=Female, phone=2875078912}, {id=1343, name=Ercan Civi, gender=Male, phone=7133306302}, {id=1344, name=Muhammad, gender=Male, phone=9293124523}, {id=1345, name=Inci, gender=Female, phone=7902346512}, {id=1346, name=Cathy, gender=Male, phone=7766418749}, {id=1347, name=Ercan Civi, gender=Male, phone=7133306302}, {id=1348, name=Muhammad, gender=Male, phone=9293215645}, {id=1349, name=Inci, gender=Female, phone=7038142311}, {id=1350, name=Dian, gender=Female, phone=6826972628}, {id=1351, name=Ercan Civi, gender=Male, phone=7133306302}, {id=1352, name=Muhammed, gender=Male, phone=9293215645}, {id=1353, name=Inci, gender=Female, phone=7038142311}, {id=1354, name=Liubov, gender=Female, phone=2345678991}, {id=1355, name=Paut, gender=Male, phone=97643645335}, {id=1356, name=Vika, gender=Female, phone=23455678992}, {id=1357, name=Rolando, gender=Female, phone=9575319222}, {id=1358, name=Devon, gender=Female, phone=5076643946}, {id=1359, name=Thora, gender=Male, phone=9501459632}, {id=1360, name=Ercan Civi, gender=Male, phone=7133306302}, {id=1361, name=Muhammad, gender=Male, phone=9293215645}, {id=1362, name=Inci, gender=Female, phone=7038142311}, {id=1363, name=Ercan Civi, gender=Male, phone=7133306302}, {id=1364, name=Muhammad, gender=Male, phone=9293215645}, {id=1365, name=Wilhemina, gender=Female, phone=5225145862}, {id=1366, name=Ercan Civi, gender=Male, phone=7133306302}, {id=1367, name=Muhammad, gender=Male, phone=9293215645}, {id=1368, name=Inci, gender=Female, phone=7038142311}, {id=1369, name=Inci, gender=Female, phone=7038142311}, {id=1370, name=Leonel, gender=Male, phone=5471019718}, {id=1371, name=Ercan Civi, gender=Male, phone=7133306302}, {id=1372, name=Muhammad, gender=Male, phone=9293215645}, {id=1373, name=Inci, gender=Female, phone=7038142311}, {id=1374, name=Chastity, gender=Female, phone=6814265205}, {id=1375, name=Ercan Civi, gender=Male, phone=7133306302}, {id=1376, name=Muhammad, gender=Male, phone=9293215645}, {id=1377, name=Inci, gender=Female, phone=7038142311}, {id=1378, name=Maida, gender=Female, phone=8480245087}, {id=1379, name=Ercan Civi, gender=Male, phone=7133306302}, {id=1380, name=Muhammad, gender=Male, phone=9293215645}, {id=1381, name=Inci, gender=Female, phone=7038142311}, {id=1382, name=Iraida, gender=Female, phone=6945030116}, {id=1383, name=Leann, gender=Female, phone=5841481252}, {id=1384, name=Ercan Civi, gender=Male, phone=7133306302}, {id=1385, name=Ercan Civi, gender=Male, phone=7133306302}, {id=1386, name=Muhammad, gender=Male, phone=9293215645}, {id=1387, name=Inci, gender=Female, phone=7038142311}, {id=1388, name=Muhammad, gender=Male, phone=9293215645}, {id=1389, name=Inci, gender=Female, phone=7038142311}, {id=1390, name=Kelly, gender=Male, phone=9671188126}, {id=1391, name=Ercan Civi, gender=Male, phone=7133306302}, {id=1392, name=Muhammad, gender=Male, phone=9293215645}, {id=1393, name=Inci, gender=Female, phone=7038142311}, {id=1394, name=Logan, gender=Male, phone=5884859274}, {id=1395, name=Ercan Civi, gender=Male, phone=7133306302}, {id=1396, name=Muhammad, gender=Male, phone=9293215645}, {id=1397, name=Inci, gender=Female, phone=7038142311}, {id=1398, name=Nakesha, gender=Female, phone=6344005359}, {id=1399, name=Ercan Civi, gender=Male, phone=7133306302}, {id=1400, name=Muhammad, gender=Male, phone=9293215645}, {id=1401, name=Inci, gender=Female, phone=7038142311}, {id=1402, name=Yan, gender=Male, phone=7957787978}, {id=1403, name=Tosha, gender=Male, phone=9093168418}, {id=1404, name=Ercan Civi, gender=Male, phone=7133306302}, {id=1405, name=Muhammad, gender=Male, phone=9293215645}, {id=1406, name=Inci, gender=Female, phone=7038142311}, {id=1407, name=Tuan, gender=Male, phone=6152176998}, {id=1408, name=Ercan Civi, gender=Male, phone=7133306302}, {id=1409, name=Muhammad, gender=Male, phone=9293215645}, {id=1410, name=Inci, gender=Female, phone=7038142311}, {id=1411, name=Shila, gender=Male, phone=8621680889}, {id=1412, name=Ercan Civi, gender=Male, phone=7133306302}, {id=1413, name=Muhammad, gender=Male, phone=9293215645}, {id=1414, name=Inci, gender=Female, phone=7038142311}, {id=1415, name=Sina, gender=Female, phone=8259536333}, {id=1416, name=Ercan Civi, gender=Male, phone=7133306302}, {id=1417, name=Muhammad, gender=Male, phone=9293215645}, {id=1418, name=Inci, gender=Female, phone=7038142311}, {id=1419, name=Ercan Civi, gender=Male, phone=7133306302}, {id=1420, name=Muhammad, gender=Male, phone=9293215645}, {id=1421, name=Inci, gender=Female, phone=7038142311}, {id=1422, name=Clay, gender=Female, phone=9499655470}, {id=1423, name=Ute, gender=Male, phone=6233771525}, {id=1424, name=Ercan Civi, gender=Male, phone=7133306302}, {id=1425, name=Muhammad, gender=Male, phone=9293215645}, {id=1426, name=Inci, gender=Female, phone=7038142311}, {id=1427, name=Tanesha, gender=Female, phone=1884817436}, {id=1428, name=Ercan Civi, gender=Male, phone=7133306302}, {id=1429, name=Muhammad, gender=Male, phone=9293124523}, {id=1430, name=Inci, gender=Female, phone=7902346512}, {id=1431, name=Arlean, gender=Male, phone=9962967651}, {id=1432, name=Ercan Civi, gender=Male, phone=7133306302}, {id=1433, name=Muhammed, gender=Male, phone=9293215645}, {id=1434, name=Inci, gender=Female, phone=7038142311}, {id=1435, name=Ferne, gender=Female, phone=7341756601}, {id=1436, name=Ercan Civi, gender=Male, phone=7133306302}, {id=1437, name=Muhammad, gender=Male, phone=9293215645}, {id=1438, name=Inci, gender=Female, phone=7038142311}, {id=1439, name=Sara, gender=Female, phone=5598404566}, {id=1440, name=Ercan Civi, gender=Male, phone=7133306302}, {id=1441, name=Muhammad, gender=Male, phone=9293215645}, {id=1442, name=Inci, gender=Female, phone=7038142311}, {id=1443, name=Huey, gender=Female, phone=6169499072}, {id=1444, name=Ercan Civi, gender=Male, phone=7133306302}, {id=1445, name=Muhammad, gender=Male, phone=9293215645}, {id=1446, name=Inci, gender=Female, phone=7038142311}, {id=1447, name=Liubov, gender=Female, phone=2345678991}, {id=1448, name=Paut, gender=Male, phone=97643645335}, {id=1449, name=Vika, gender=Female, phone=23455678992}, {id=1450, name=Kenya, gender=Female, phone=9443657058}, {id=1451, name=Carolin, gender=Male, phone=6294720248}, {id=1452, name=Ercan Civi, gender=Male, phone=7133306302}, {id=1453, name=Muhammad, gender=Male, phone=9293215645}, {id=1454, name=Inci, gender=Female, phone=7038142311}, {id=1455, name=Lynwood, gender=Female, phone=5825675903}, {id=1456, name=Ercan Civi, gender=Male, phone=7133306302}, {id=1457, name=Muhammad, gender=Male, phone=9293215645}, {id=1458, name=Inci, gender=Female, phone=7038142311}, {id=1459, name=Veola, gender=Male, phone=9174605759}, {id=1460, name=Ercan Civi, gender=Male, phone=7133306302}, {id=1461, name=Muhammad, gender=Male, phone=9293215645}, {id=1462, name=Inci, gender=Female, phone=7038142311}, {id=1463, name=Eusebio, gender=Female, phone=7589734810}, {id=1464, name=Ercan Civi, gender=Male, phone=7133306302}, {id=1465, name=Muhammad, gender=Male, phone=9293215645}, {id=1466, name=Inci, gender=Female, phone=7038142311}, {id=1467, name=Carmelo, gender=Male, phone=5804126469}, {id=1468, name=Ercan Civi, gender=Male, phone=7133306302}, {id=1469, name=Muhammad, gender=Male, phone=9293215645}, {id=1470, name=Inci, gender=Female, phone=7038142311}, {id=1471, name=Liubov, gender=Female, phone=2345678991}, {id=1472, name=Paut, gender=Male, phone=97643645335}, {id=1473, name=Vika, gender=Female, phone=23455678992}, {id=1474, name=Lucius, gender=Female, phone=5185652527}, {id=1475, name=Jason, gender=Female, phone=8751838729}, {id=1476, name=Ercan Civi, gender=Male, phone=7133306302}, {id=1477, name=Muhammad, gender=Male, phone=9293215645}, {id=1478, name=Edda, gender=Male, phone=9876611993}, {id=1479, name=Ercan Civi, gender=Male, phone=7133306302}, {id=1480, name=Inci, gender=Female, phone=7038142311}, {id=1481, name=Muhammad, gender=Male, phone=9293215645}, {id=1482, name=Inci, gender=Female, phone=7038142311}, {id=1483, name=Madeleine, gender=Male, phone=5525324932}, {id=1484, name=Ercan Civi, gender=Male, phone=7133306302}, {id=1485, name=Muhammad, gender=Male, phone=9293215645}, {id=1486, name=Inci, gender=Female, phone=7038142311}, {id=1487, name=Crista, gender=Female, phone=9818868678}, {id=1488, name=Ercan Civi, gender=Male, phone=7133306302}, {id=1489, name=Muhammad, gender=Male, phone=9293215645}, {id=1490, name=Inci, gender=Female, phone=7038142311}, {id=1491, name=Graham, gender=Male, phone=8379177359}, {id=1492, name=Ercan Civi, gender=Male, phone=7133306302}, {id=1493, name=Muhammad, gender=Male, phone=9293215645}, {id=1494, name=Inci, gender=Female, phone=7038142311}, {id=1495, name=Teodora, gender=Male, phone=5675780785}, {id=1496, name=Ercan Civi, gender=Male, phone=7133306302}, {id=1497, name=Muhammad, gender=Male, phone=9293215645}, {id=1498, name=Inci, gender=Female, phone=7038142311}, {id=1499, name=Hiedi, gender=Female, phone=5086135102}, {id=1500, name=Ercan Civi, gender=Male, phone=7133306302}, {id=1501, name=Muhammad, gender=Male, phone=9293215645}, {id=1502, name=Inci, gender=Female, phone=7038142311}, {id=1503, name=Lilliam, gender=Male, phone=9767431032}, {id=1504, name=Ercan Civi, gender=Male, phone=7133306302}, {id=1505, name=Muhammad, gender=Male, phone=9293215645}, {id=1506, name=Inci, gender=Female, phone=7038142311}, {id=1507, name=Hai, gender=Male, phone=8092559992}, {id=1508, name=Ercan Civi, gender=Male, phone=7133306302}, {id=1509, name=Muhammad, gender=Male, phone=9293215645}, {id=1510, name=Inci, gender=Female, phone=7038142311}, {id=1511, name=Toshiko, gender=Female, phone=7020448089}, {id=1512, name=Ercan Civi, gender=Male, phone=7133306302}, {id=1513, name=Muhammad, gender=Male, phone=9293215645}, {id=1514, name=Inci, gender=Female, phone=7038142311}, {id=1515, name=William, gender=Female, phone=5519586393}, {id=1516, name=Ercan Civi, gender=Male, phone=7133306302}, {id=1517, name=Muhammad, gender=Male, phone=9293215645}, {id=1518, name=Inci, gender=Female, phone=7038142311}, {id=1519, name=Kevin, gender=Female, phone=7056503482}, {id=1520, name=Ercan Civi, gender=Male, phone=7133306302}, {id=1521, name=Muhammad, gender=Male, phone=9293215645}, {id=1522, name=Inci, gender=Female, phone=7038142311}, {id=1523, name=Bridget, gender=Male, phone=6509490025}, {id=1524, name=Ercan Civi, gender=Male, phone=7133306302}, {id=1525, name=Muhammad, gender=Male, phone=9293215645}, {id=1526, name=Inci, gender=Female, phone=7038142311}]>

	at b21.spartan.admin.SpartanAdminTest.lambda$testAllSpartans$2(SpartanAdminTest.java:44)
	at b21.spartan.admin.SpartanAdminTest.testAllSpartans(SpartanAdminTest.java:44)

